nohup: ignoring input
[01/Apr/2026 23:37:34] "GET /api/video-statuses?root=%2Fdata%2FUMRM%2Fdata%2FEGO%2Fvideos%2Ffull_scale HTTP/1.1" 200 -
[01/Apr/2026 23:37:35] "GET /api/video-statuses?root=/data/UMRM/data/EGO/videos/full_scale HTTP/1.1" 200 -
[01/Apr/2026 23:37:35] "GET /api/videos?root=/data/UMRM/data/EGO/videos/full_scale HTTP/1.1" 200 -
[01/Apr/2026 23:37:37] "GET /api/video-statuses?root=%2Fdata%2FUMRM%2Fdata%2FEGO%2Fvideos%2Ffull_scale HTTP/1.1" 200 -
[01/Apr/2026 23:37:42] "GET /api/video-statuses?root=%2Fdata%2FUMRM%2Fdata%2FEGO%2Fvideos%2Ffull_scale HTTP/1.1" 200 -
[01/Apr/2026 23:37:47] "GET /api/video-statuses?root=%2Fdata%2FUMRM%2Fdata%2FEGO%2Fvideos%2Ffull_scale HTTP/1.1" 200 -
[01/Apr/2026 23:37:47] "GET /api/video-statuses?root=%2Fhome%2Fubuntu%2FUMRM%2Fdata%2Fvideos HTTP/1.1" 200 -
[01/Apr/2026 23:37:51] "GET /api/video-statuses?root=%2Fdata%2FUMRM%2Fdata%2FEGO%2Fvideos%2Ffull_scale HTTP/1.1" 200 -
[01/Apr/2026 23:37:57] "GET /api/video-statuses?root=%2Fdata%2FUMRM%2Fdata%2FEGO%2Fvideos%2Ffull_scale HTTP/1.1" 200 -
[01/Apr/2026 23:38:02] "GET /api/video-statuses?root=%2Fdata%2FUMRM%2Fdata%2FEGO%2Fvideos%2Ffull_scale HTTP/1.1" 200 -
[01/Apr/2026 23:38:07] "GET /api/video-statuses?root=%2Fdata%2FUMRM%2Fdata%2FEGO%2Fvideos%2Ffull_scale HTTP/1.1" 200 -
[01/Apr/2026 23:38:11] "GET /api/video-statuses?root=%2Fdata%2FUMRM%2Fdata%2FEGO%2Fvideos%2Ffull_scale HTTP/1.1" 200 -
[01/Apr/2026 23:38:16] "GET /api/video-statuses?root=%2Fdata%2FUMRM%2Fdata%2FEGO%2Fvideos%2Ffull_scale HTTP/1.1" 200 -
[01/Apr/2026 23:38:21] "GET /api/video-statuses?root=%2Fdata%2FUMRM%2Fdata%2FEGO%2Fvideos%2Ffull_scale HTTP/1.1" 200 -
[01/Apr/2026 23:38:26] "GET /api/video-statuses?root=%2Fdata%2FUMRM%2Fdata%2FEGO%2Fvideos%2Ffull_scale HTTP/1.1" 200 -
[01/Apr/2026 23:38:30] "POST /api/video-release HTTP/1.1" 200 -
[01/Apr/2026 23:38:30] "GET / HTTP/1.1" 200 -
[01/Apr/2026 23:38:31] "GET /styles.css HTTP/1.1" 200 -
[01/Apr/2026 23:38:31] "GET /app.js HTTP/1.1" 200 -
[01/Apr/2026 23:38:31] "GET /api/config HTTP/1.1" 200 -
[01/Apr/2026 23:38:31] "GET /api/videos?root=%2Fdata%2FUMRM%2Fdata%2FEGO%2Fvideos%2Ffull_scale HTTP/1.1" 200 -
[01/Apr/2026 23:38:31] "GET /api/annotations?path=%2Fhome%2Fubuntu%2FUMR_DATA%2Fdata%2Fkuimou%2Fannotations.jsonl HTTP/1.1" 200 -
[01/Apr/2026 23:38:31] "POST /api/video-release HTTP/1.1" 200 -
[01/Apr/2026 23:38:32] "POST /api/video-claim HTTP/1.1" 200 -
[01/Apr/2026 23:38:32] "GET /stream-low?path=/data/UMRM/data/EGO/videos/full_scale/000786a7-3f9d-4fe6-bfb3-045b368f7d44.mp4 HTTP/1.1" 200 -
[01/Apr/2026 23:38:43] "POST /api/video-release HTTP/1.1" 200 -
[01/Apr/2026 23:38:43] "POST /api/video-claim HTTP/1.1" 200 -
[01/Apr/2026 23:38:44] "GET /stream-low?path=/data/UMRM/data/EGO/videos/full_scale/000a3525-6c98-4650-aaab-be7d2c7b9402.mp4 HTTP/1.1" 200 -
[01/Apr/2026 23:38:46] "GET /api/video-statuses?root=%2Fdata%2FUMRM%2Fdata%2FEGO%2Fvideos%2Ffull_scale HTTP/1.1" 200 -
[01/Apr/2026 23:38:47] "GET /api/video-statuses?root=%2Fhome%2Fubuntu%2FUMRM%2Fdata%2Fvideos HTTP/1.1" 200 -
[01/Apr/2026 23:39:01] "GET /api/video-statuses?root=%2Fdata%2FUMRM%2Fdata%2FEGO%2Fvideos%2Ffull_scale HTTP/1.1" 200 -
[01/Apr/2026 23:39:16] "GET /api/video-statuses?root=%2Fdata%2FUMRM%2Fdata%2FEGO%2Fvideos%2Ffull_scale HTTP/1.1" 200 -
[01/Apr/2026 23:39:20] "POST /api/video-release HTTP/1.1" 200 -
[01/Apr/2026 23:39:20] "POST /api/video-claim HTTP/1.1" 200 -
[01/Apr/2026 23:39:20] "GET /stream-low?path=/data/UMRM/data/EGO/videos/full_scale/000cd456-ff8d-499b-b0c1-4acead128a8b.mp4 HTTP/1.1" 200 -
[01/Apr/2026 23:39:20] "POST /api/video-release HTTP/1.1" 200 -
[01/Apr/2026 23:39:20] "POST /api/video-claim HTTP/1.1" 200 -
[01/Apr/2026 23:39:20] "GET /stream-low?path=/data/UMRM/data/EGO/videos/full_scale/000a3525-6c98-4650-aaab-be7d2c7b9402.mp4 HTTP/1.1" 200 -
[01/Apr/2026 23:39:31] "GET /api/video-statuses?root=%2Fdata%2FUMRM%2Fdata%2FEGO%2Fvideos%2Ffull_scale HTTP/1.1" 200 -
[01/Apr/2026 23:39:46] "GET /api/video-statuses?root=%2Fdata%2FUMRM%2Fdata%2FEGO%2Fvideos%2Ffull_scale HTTP/1.1" 200 -
[01/Apr/2026 23:39:47] "GET /api/video-statuses?root=%2Fhome%2Fubuntu%2FUMRM%2Fdata%2Fvideos HTTP/1.1" 200 -
[01/Apr/2026 23:40:01] "GET /api/video-statuses?root=%2Fdata%2FUMRM%2Fdata%2FEGO%2Fvideos%2Ffull_scale HTTP/1.1" 200 -
[01/Apr/2026 23:40:16] "GET /api/video-statuses?root=%2Fdata%2FUMRM%2Fdata%2FEGO%2Fvideos%2Ffull_scale HTTP/1.1" 200 -
