nohup: ignoring input
[01/Apr/2026 23:26:33] "GET /styles.css HTTP/1.1" 200 -
[01/Apr/2026 23:26:33] "GET /app.js HTTP/1.1" 200 -
[01/Apr/2026 23:26:33] "GET /api/config HTTP/1.1" 200 -
[01/Apr/2026 23:26:34] "POST /api/video-release HTTP/1.1" 200 -
[01/Apr/2026 23:26:42] "GET /api/config HTTP/1.1" 200 -
[01/Apr/2026 23:26:42] "GET /api/videos?root=%2Fdata%2FUMRM%2Fdata%2FEGO%2Fvideos%2Ffull_scale HTTP/1.1" 200 -
[01/Apr/2026 23:26:46] "GET /styles.css HTTP/1.1" 200 -
[01/Apr/2026 23:26:47] "GET /api/video-statuses?root=%2Fhome%2Fubuntu%2FUMRM%2Fdata%2Fvideos HTTP/1.1" 200 -
[01/Apr/2026 23:26:48] "GET /api/annotations?path=%2Fhome%2Fubuntu%2FUMR_DATA%2Fdata%2Fkuimou%2Fannotations.jsonl HTTP/1.1" 200 -
[01/Apr/2026 23:26:54] "POST /api/video-claim HTTP/1.1" 200 -
[01/Apr/2026 23:26:54] "GET /api/video-statuses?root=%2Fdata%2FUMRM%2Fdata%2FEGO%2Fvideos%2Ffull_scale HTTP/1.1" 200 -
[01/Apr/2026 23:26:58] "GET /api/video-statuses?root=%2Fdata%2FUMRM%2Fdata%2FEGO%2Fvideos%2Ffull_scale HTTP/1.1" 200 -
[01/Apr/2026 23:27:03] "GET /api/video-statuses?root=%2Fdata%2FUMRM%2Fdata%2FEGO%2Fvideos%2Ffull_scale HTTP/1.1" 200 -
[01/Apr/2026 23:27:08] "GET /api/video-statuses?root=%2Fdata%2FUMRM%2Fdata%2FEGO%2Fvideos%2Ffull_scale HTTP/1.1" 200 -
[01/Apr/2026 23:27:13] "GET /api/video-statuses?root=%2Fdata%2FUMRM%2Fdata%2FEGO%2Fvideos%2Ffull_scale HTTP/1.1" 200 -
[01/Apr/2026 23:27:18] "GET /api/video-statuses?root=%2Fdata%2FUMRM%2Fdata%2FEGO%2Fvideos%2Ffull_scale HTTP/1.1" 200 -
[01/Apr/2026 23:27:23] "GET /api/video-statuses?root=%2Fdata%2FUMRM%2Fdata%2FEGO%2Fvideos%2Ffull_scale HTTP/1.1" 200 -
[01/Apr/2026 23:27:28] "GET /api/video-statuses?root=%2Fdata%2FUMRM%2Fdata%2FEGO%2Fvideos%2Ffull_scale HTTP/1.1" 200 -
[01/Apr/2026 23:27:33] "GET /api/video-statuses?root=%2Fdata%2FUMRM%2Fdata%2FEGO%2Fvideos%2Ffull_scale HTTP/1.1" 200 -
[01/Apr/2026 23:27:38] "GET /api/video-statuses?root=%2Fdata%2FUMRM%2Fdata%2FEGO%2Fvideos%2Ffull_scale HTTP/1.1" 200 -
[01/Apr/2026 23:27:43] "GET /api/video-statuses?root=%2Fdata%2FUMRM%2Fdata%2FEGO%2Fvideos%2Ffull_scale HTTP/1.1" 200 -
[01/Apr/2026 23:27:47] "GET /api/video-statuses?root=%2Fhome%2Fubuntu%2FUMRM%2Fdata%2Fvideos HTTP/1.1" 200 -
[01/Apr/2026 23:27:48] "GET /api/video-statuses?root=%2Fdata%2FUMRM%2Fdata%2FEGO%2Fvideos%2Ffull_scale HTTP/1.1" 200 -
[01/Apr/2026 23:27:53] "GET /api/video-statuses?root=%2Fdata%2FUMRM%2Fdata%2FEGO%2Fvideos%2Ffull_scale HTTP/1.1" 200 -
[01/Apr/2026 23:27:58] "GET /api/video-statuses?root=%2Fdata%2FUMRM%2Fdata%2FEGO%2Fvideos%2Ffull_scale HTTP/1.1" 200 -
[01/Apr/2026 23:28:03] "GET /api/video-statuses?root=%2Fdata%2FUMRM%2Fdata%2FEGO%2Fvideos%2Ffull_scale HTTP/1.1" 200 -
[01/Apr/2026 23:28:05] "POST /api/video-release HTTP/1.1" 200 -
[01/Apr/2026 23:28:05] "POST /api/video-claim HTTP/1.1" 200 -
[01/Apr/2026 23:28:07] "POST /api/video-release HTTP/1.1" 200 -
[01/Apr/2026 23:28:07] "POST /api/video-claim HTTP/1.1" 200 -
[01/Apr/2026 23:28:08] "GET /api/video-statuses?root=%2Fdata%2FUMRM%2Fdata%2FEGO%2Fvideos%2Ffull_scale HTTP/1.1" 200 -
[01/Apr/2026 23:28:13] "GET /api/video-statuses?root=%2Fdata%2FUMRM%2Fdata%2FEGO%2Fvideos%2Ffull_scale HTTP/1.1" 200 -
[01/Apr/2026 23:28:18] "GET /api/video-statuses?root=%2Fdata%2FUMRM%2Fdata%2FEGO%2Fvideos%2Ffull_scale HTTP/1.1" 200 -
[01/Apr/2026 23:28:23] "GET /api/video-statuses?root=%2Fdata%2FUMRM%2Fdata%2FEGO%2Fvideos%2Ffull_scale HTTP/1.1" 200 -
[01/Apr/2026 23:28:28] "GET /api/video-statuses?root=%2Fdata%2FUMRM%2Fdata%2FEGO%2Fvideos%2Ffull_scale HTTP/1.1" 200 -
[01/Apr/2026 23:28:33] "GET /api/video-statuses?root=%2Fdata%2FUMRM%2Fdata%2FEGO%2Fvideos%2Ffull_scale HTTP/1.1" 200 -
[01/Apr/2026 23:28:38] "GET /api/video-statuses?root=%2Fdata%2FUMRM%2Fdata%2FEGO%2Fvideos%2Ffull_scale HTTP/1.1" 200 -
[01/Apr/2026 23:28:43] "GET /api/video-statuses?root=%2Fdata%2FUMRM%2Fdata%2FEGO%2Fvideos%2Ffull_scale HTTP/1.1" 200 -
[01/Apr/2026 23:28:47] "GET /api/video-statuses?root=%2Fhome%2Fubuntu%2FUMRM%2Fdata%2Fvideos HTTP/1.1" 200 -
[01/Apr/2026 23:28:48] "GET /api/video-statuses?root=%2Fdata%2FUMRM%2Fdata%2FEGO%2Fvideos%2Ffull_scale HTTP/1.1" 200 -
[01/Apr/2026 23:28:53] "GET /api/video-statuses?root=%2Fdata%2FUMRM%2Fdata%2FEGO%2Fvideos%2Ffull_scale HTTP/1.1" 200 -
[01/Apr/2026 23:28:58] "GET /api/video-statuses?root=%2Fdata%2FUMRM%2Fdata%2FEGO%2Fvideos%2Ffull_scale HTTP/1.1" 200 -
[01/Apr/2026 23:29:03] "GET /api/video-statuses?root=%2Fdata%2FUMRM%2Fdata%2FEGO%2Fvideos%2Ffull_scale HTTP/1.1" 200 -
[01/Apr/2026 23:29:08] "POST /api/video-release HTTP/1.1" 200 -
[01/Apr/2026 23:29:08] "POST /api/video-claim HTTP/1.1" 200 -
[01/Apr/2026 23:29:08] "GET /preview?path=/data/UMRM/data/EGO/videos/full_scale/000a3525-6c98-4650-aaab-be7d2c7b9402.mp4 HTTP/1.1" 206 -
[01/Apr/2026 23:29:08] "GET /api/video-statuses?root=%2Fdata%2FUMRM%2Fdata%2FEGO%2Fvideos%2Ffull_scale HTTP/1.1" 200 -
[01/Apr/2026 23:29:13] "GET /api/video-statuses?root=%2Fdata%2FUMRM%2Fdata%2FEGO%2Fvideos%2Ffull_scale HTTP/1.1" 200 -
[01/Apr/2026 23:29:18] "GET /api/video-statuses?root=%2Fdata%2FUMRM%2Fdata%2FEGO%2Fvideos%2Ffull_scale HTTP/1.1" 200 -
[01/Apr/2026 23:29:19] "POST /api/video-release HTTP/1.1" 200 -
[01/Apr/2026 23:29:19] "POST /api/video-claim HTTP/1.1" 200 -
[01/Apr/2026 23:29:23] "GET /api/video-statuses?root=%2Fdata%2FUMRM%2Fdata%2FEGO%2Fvideos%2Ffull_scale HTTP/1.1" 200 -
[01/Apr/2026 23:29:28] "GET /api/video-statuses?root=%2Fdata%2FUMRM%2Fdata%2FEGO%2Fvideos%2Ffull_scale HTTP/1.1" 200 -
[01/Apr/2026 23:29:33] "GET /api/video-statuses?root=%2Fdata%2FUMRM%2Fdata%2FEGO%2Fvideos%2Ffull_scale HTTP/1.1" 200 -
[01/Apr/2026 23:29:38] "GET /api/video-statuses?root=%2Fdata%2FUMRM%2Fdata%2FEGO%2Fvideos%2Ffull_scale HTTP/1.1" 200 -
[01/Apr/2026 23:29:43] "GET /api/video-statuses?root=%2Fdata%2FUMRM%2Fdata%2FEGO%2Fvideos%2Ffull_scale HTTP/1.1" 200 -
[01/Apr/2026 23:29:47] "GET /api/video-statuses?root=%2Fhome%2Fubuntu%2FUMRM%2Fdata%2Fvideos HTTP/1.1" 200 -
[01/Apr/2026 23:29:48] "GET /api/video-statuses?root=%2Fdata%2FUMRM%2Fdata%2FEGO%2Fvideos%2Ffull_scale HTTP/1.1" 200 -
[01/Apr/2026 23:29:53] "GET /api/video-statuses?root=%2Fdata%2FUMRM%2Fdata%2FEGO%2Fvideos%2Ffull_scale HTTP/1.1" 200 -
[01/Apr/2026 23:29:58] "GET /api/video-statuses?root=%2Fdata%2FUMRM%2Fdata%2FEGO%2Fvideos%2Ffull_scale HTTP/1.1" 200 -
[01/Apr/2026 23:30:03] "GET /api/video-statuses?root=%2Fdata%2FUMRM%2Fdata%2FEGO%2Fvideos%2Ffull_scale HTTP/1.1" 200 -
[01/Apr/2026 23:30:08] "GET /api/video-statuses?root=%2Fdata%2FUMRM%2Fdata%2FEGO%2Fvideos%2Ffull_scale HTTP/1.1" 200 -
[01/Apr/2026 23:30:13] "GET /api/video-statuses?root=%2Fdata%2FUMRM%2Fdata%2FEGO%2Fvideos%2Ffull_scale HTTP/1.1" 200 -
[01/Apr/2026 23:30:19] "GET /api/video-statuses?root=%2Fdata%2FUMRM%2Fdata%2FEGO%2Fvideos%2Ffull_scale HTTP/1.1" 200 -
[01/Apr/2026 23:30:24] "GET /api/video-statuses?root=%2Fdata%2FUMRM%2Fdata%2FEGO%2Fvideos%2Ffull_scale HTTP/1.1" 200 -
[01/Apr/2026 23:30:29] "GET /api/video-statuses?root=%2Fdata%2FUMRM%2Fdata%2FEGO%2Fvideos%2Ffull_scale HTTP/1.1" 200 -
[01/Apr/2026 23:30:34] "GET /api/video-statuses?root=%2Fdata%2FUMRM%2Fdata%2FEGO%2Fvideos%2Ffull_scale HTTP/1.1" 200 -
[01/Apr/2026 23:30:39] "GET /api/video-statuses?root=%2Fdata%2FUMRM%2Fdata%2FEGO%2Fvideos%2Ffull_scale HTTP/1.1" 200 -
[01/Apr/2026 23:30:44] "GET /api/video-statuses?root=%2Fdata%2FUMRM%2Fdata%2FEGO%2Fvideos%2Ffull_scale HTTP/1.1" 200 -
[01/Apr/2026 23:30:47] "GET /api/video-statuses?root=%2Fhome%2Fubuntu%2FUMRM%2Fdata%2Fvideos HTTP/1.1" 200 -
[01/Apr/2026 23:30:49] "GET /api/video-statuses?root=%2Fdata%2FUMRM%2Fdata%2FEGO%2Fvideos%2Ffull_scale HTTP/1.1" 200 -
[01/Apr/2026 23:30:54] "GET /api/video-statuses?root=%2Fdata%2FUMRM%2Fdata%2FEGO%2Fvideos%2Ffull_scale HTTP/1.1" 200 -
[01/Apr/2026 23:30:56] "GET /preview?path=/data/UMRM/data/EGO/videos/full_scale/001e3e4e-2743-47fc-8564-d5efd11f9e90.mp4 HTTP/1.1" 206 -
[01/Apr/2026 23:30:59] "GET /api/video-statuses?root=%2Fdata%2FUMRM%2Fdata%2FEGO%2Fvideos%2Ffull_scale HTTP/1.1" 200 -
[01/Apr/2026 23:31:04] "GET /api/video-statuses?root=%2Fdata%2FUMRM%2Fdata%2FEGO%2Fvideos%2Ffull_scale HTTP/1.1" 200 -
[01/Apr/2026 23:31:09] "GET /api/video-statuses?root=%2Fdata%2FUMRM%2Fdata%2FEGO%2Fvideos%2Ffull_scale HTTP/1.1" 200 -
[01/Apr/2026 23:31:14] "GET /api/video-statuses?root=%2Fdata%2FUMRM%2Fdata%2FEGO%2Fvideos%2Ffull_scale HTTP/1.1" 200 -
[01/Apr/2026 23:31:47] "GET /api/video-statuses?root=%2Fhome%2Fubuntu%2FUMRM%2Fdata%2Fvideos HTTP/1.1" 200 -
[01/Apr/2026 23:31:54] "GET /api/video-statuses?root=%2Fdata%2FUMRM%2Fdata%2FEGO%2Fvideos%2Ffull_scale HTTP/1.1" 200 -
Traceback (most recent call last):
Traceback (most recent call last):
  File "/home/ubuntu/UMR_DATA/server.py", line 1697, in do_POST
    "saved_at": payload["saved_at"],
ValueError: video_path 不能为空。
[01/Apr/2026 23:32:31] "POST /api/video-release HTTP/1.1" 400 -
  File "/home/ubuntu/UMR_DATA/server.py", line 1697, in do_POST
    "saved_at": payload["saved_at"],
ValueError: video_path 不能为空。
[01/Apr/2026 23:32:31] "POST /api/video-release HTTP/1.1" 400 -
[01/Apr/2026 23:32:47] "GET /api/video-statuses?root=%2Fhome%2Fubuntu%2FUMRM%2Fdata%2Fvideos HTTP/1.1" 200 -
