nohup: ignoring input
[01/Apr/2026 22:17:09] "GET /api/config HTTP/1.1" 200 -
[01/Apr/2026 22:17:09] "GET /api/config HTTP/1.1" 200 -
[01/Apr/2026 22:17:09] "GET /api/videos?root=/home/ubuntu/UMRM/data/videos HTTP/1.1" 200 -
[01/Apr/2026 22:17:09] "POST /api/video-claim HTTP/1.1" 200 -
[01/Apr/2026 22:17:09] "POST /api/annotations HTTP/1.1" 200 -
[01/Apr/2026 22:17:09] "GET /api/annotations HTTP/1.1" 200 -
[01/Apr/2026 22:17:09] "GET /api/annotations HTTP/1.1" 200 -
[01/Apr/2026 22:17:47] "GET /api/video-statuses?root=%2Fhome%2Fubuntu%2FUMRM%2Fdata%2Fvideos HTTP/1.1" 200 -
[01/Apr/2026 22:18:47] "GET /api/video-statuses?root=%2Fhome%2Fubuntu%2FUMRM%2Fdata%2Fvideos HTTP/1.1" 200 -
[01/Apr/2026 22:19:47] "GET /api/video-statuses?root=%2Fhome%2Fubuntu%2FUMRM%2Fdata%2Fvideos HTTP/1.1" 200 -
[01/Apr/2026 22:20:27] "GET / HTTP/1.1" 200 -
[01/Apr/2026 22:20:27] "GET /styles.css HTTP/1.1" 200 -
[01/Apr/2026 22:20:27] "GET /app.js HTTP/1.1" 200 -
[01/Apr/2026 22:20:28] code 404, message Static file not found.
[01/Apr/2026 22:20:28] "GET /favicon.ico HTTP/1.1" 404 -
[01/Apr/2026 22:20:33] "GET /api/config HTTP/1.1" 200 -
[01/Apr/2026 22:20:33] "GET /api/videos?root=%2Fhome%2Fubuntu%2FUMRM%2Fdata%2Fvideos HTTP/1.1" 200 -
[01/Apr/2026 22:20:33] "GET /api/annotations?path=%2Fhome%2Fubuntu%2FUMR_DATA%2Fdata%2Fkuimou%2Fannotations.jsonl HTTP/1.1" 200 -
[01/Apr/2026 22:20:47] "GET /api/video-statuses?root=%2Fhome%2Fubuntu%2FUMRM%2Fdata%2Fvideos HTTP/1.1" 200 -
[01/Apr/2026 22:21:47] "GET /api/video-statuses?root=%2Fhome%2Fubuntu%2FUMRM%2Fdata%2Fvideos HTTP/1.1" 200 -
[01/Apr/2026 22:22:47] "GET /api/video-statuses?root=%2Fhome%2Fubuntu%2FUMRM%2Fdata%2Fvideos HTTP/1.1" 200 -
[01/Apr/2026 22:23:47] "GET /api/video-statuses?root=%2Fhome%2Fubuntu%2FUMRM%2Fdata%2Fvideos HTTP/1.1" 200 -
[01/Apr/2026 22:24:47] "GET /api/video-statuses?root=%2Fhome%2Fubuntu%2FUMRM%2Fdata%2Fvideos HTTP/1.1" 200 -
[01/Apr/2026 22:25:47] "GET /api/video-statuses?root=%2Fhome%2Fubuntu%2FUMRM%2Fdata%2Fvideos HTTP/1.1" 200 -
[01/Apr/2026 22:26:47] "GET /api/video-statuses?root=%2Fhome%2Fubuntu%2FUMRM%2Fdata%2Fvideos HTTP/1.1" 200 -
[01/Apr/2026 22:27:47] "GET /api/video-statuses?root=%2Fhome%2Fubuntu%2FUMRM%2Fdata%2Fvideos HTTP/1.1" 200 -
[01/Apr/2026 22:28:47] "GET /api/video-statuses?root=%2Fhome%2Fubuntu%2FUMRM%2Fdata%2Fvideos HTTP/1.1" 200 -
[01/Apr/2026 22:29:47] "GET /api/video-statuses?root=%2Fhome%2Fubuntu%2FUMRM%2Fdata%2Fvideos HTTP/1.1" 200 -
[01/Apr/2026 22:30:47] "GET /api/video-statuses?root=%2Fhome%2Fubuntu%2FUMRM%2Fdata%2Fvideos HTTP/1.1" 200 -
[01/Apr/2026 22:31:47] "GET /api/video-statuses?root=%2Fhome%2Fubuntu%2FUMRM%2Fdata%2Fvideos HTTP/1.1" 200 -
[01/Apr/2026 22:32:48] "GET /api/video-statuses?root=%2Fhome%2Fubuntu%2FUMRM%2Fdata%2Fvideos HTTP/1.1" 200 -
[01/Apr/2026 22:33:47] "GET /api/video-statuses?root=%2Fhome%2Fubuntu%2FUMRM%2Fdata%2Fvideos HTTP/1.1" 200 -
[01/Apr/2026 22:34:47] "GET /api/video-statuses?root=%2Fhome%2Fubuntu%2FUMRM%2Fdata%2Fvideos HTTP/1.1" 200 -
[01/Apr/2026 22:35:47] "GET /api/video-statuses?root=%2Fhome%2Fubuntu%2FUMRM%2Fdata%2Fvideos HTTP/1.1" 200 -
[01/Apr/2026 22:36:47] "GET /api/video-statuses?root=%2Fhome%2Fubuntu%2FUMRM%2Fdata%2Fvideos HTTP/1.1" 200 -
[01/Apr/2026 22:37:47] "GET /api/video-statuses?root=%2Fhome%2Fubuntu%2FUMRM%2Fdata%2Fvideos HTTP/1.1" 200 -
[01/Apr/2026 22:38:47] "GET /api/video-statuses?root=%2Fhome%2Fubuntu%2FUMRM%2Fdata%2Fvideos HTTP/1.1" 200 -
[01/Apr/2026 22:39:47] "GET /api/video-statuses?root=%2Fhome%2Fubuntu%2FUMRM%2Fdata%2Fvideos HTTP/1.1" 200 -
[01/Apr/2026 22:40:47] "GET /api/video-statuses?root=%2Fhome%2Fubuntu%2FUMRM%2Fdata%2Fvideos HTTP/1.1" 200 -
[01/Apr/2026 22:41:47] "GET /api/video-statuses?root=%2Fhome%2Fubuntu%2FUMRM%2Fdata%2Fvideos HTTP/1.1" 200 -
[01/Apr/2026 22:42:48] "GET /api/video-statuses?root=%2Fhome%2Fubuntu%2FUMRM%2Fdata%2Fvideos HTTP/1.1" 200 -
[01/Apr/2026 22:43:47] "GET /api/video-statuses?root=%2Fhome%2Fubuntu%2FUMRM%2Fdata%2Fvideos HTTP/1.1" 200 -
[01/Apr/2026 22:44:47] "GET /api/video-statuses?root=%2Fhome%2Fubuntu%2FUMRM%2Fdata%2Fvideos HTTP/1.1" 200 -
[01/Apr/2026 22:45:47] "GET /api/video-statuses?root=%2Fhome%2Fubuntu%2FUMRM%2Fdata%2Fvideos HTTP/1.1" 200 -
[01/Apr/2026 22:46:47] "GET /api/video-statuses?root=%2Fhome%2Fubuntu%2FUMRM%2Fdata%2Fvideos HTTP/1.1" 200 -
[01/Apr/2026 22:47:18] "GET / HTTP/1.1" 200 -
[01/Apr/2026 22:47:19] "GET /styles.css HTTP/1.1" 200 -
[01/Apr/2026 22:47:19] "GET /app.js HTTP/1.1" 200 -
[01/Apr/2026 22:47:34] "GET /api/config HTTP/1.1" 200 -
[01/Apr/2026 22:47:36] "GET /api/videos?root=%2Fhome%2Fubuntu%2FUMRM%2Fdata%2Fvideos HTTP/1.1" 200 -
[01/Apr/2026 22:47:36] "GET /api/annotations?path=%2Fhome%2Fubuntu%2FUMR_DATA%2Fdata%2Ftest%2Fannotations.jsonl HTTP/1.1" 200 -
[01/Apr/2026 22:47:39] "GET /api/video-statuses?root=%2Fhome%2Fubuntu%2FUMRM%2Fdata%2Fvideos HTTP/1.1" 200 -
[01/Apr/2026 22:47:46] "GET /api/video-statuses?root=%2Fhome%2Fubuntu%2FUMRM%2Fdata%2Fvideos HTTP/1.1" 200 -
[01/Apr/2026 22:47:48] "GET /api/video-statuses?root=%2Fhome%2Fubuntu%2FUMRM%2Fdata%2Fvideos HTTP/1.1" 200 -
[01/Apr/2026 22:47:51] "GET /api/video-statuses?root= HTTP/1.1" 200 -
Traceback (most recent call last):
  File "/home/ubuntu/UMR_DATA/server.py", line 1559, in do_GET
    videos = list_videos(root)
             ^^^^^^^^^^^^^^^^^
  File "/home/ubuntu/UMR_DATA/annotator_gateway.py", line 34, in list_videos_with_id
    raise FileNotFoundError(f"Video root does not exist: {root}")
FileNotFoundError: Video root does not exist: /home/ubuntu/data/UMRM/videos
[01/Apr/2026 22:47:55] "GET /api/videos?root=~%2Fdata%2FUMRM%2Fvideos HTTP/1.1" 404 -
Traceback (most recent call last):
  File "/home/ubuntu/UMR_DATA/server.py", line 1566, in do_GET
    videos = list_videos(root)
             ^^^^^^^^^^^^^^^^^
  File "/home/ubuntu/UMR_DATA/annotator_gateway.py", line 34, in list_videos_with_id
    raise FileNotFoundError(f"Video root does not exist: {root}")
FileNotFoundError: Video root does not exist: /home/ubuntu/data/UMRM/videos
[01/Apr/2026 22:47:56] "GET /api/video-statuses?root=~%2Fdata%2FUMRM%2Fvideos HTTP/1.1" 404 -
Traceback (most recent call last):
  File "/home/ubuntu/UMR_DATA/server.py", line 1566, in do_GET
    videos = list_videos(root)
             ^^^^^^^^^^^^^^^^^
  File "/home/ubuntu/UMR_DATA/annotator_gateway.py", line 34, in list_videos_with_id
    raise FileNotFoundError(f"Video root does not exist: {root}")
FileNotFoundError: Video root does not exist: /home/ubuntu/data/UMRM/videos
[01/Apr/2026 22:48:01] "GET /api/video-statuses?root=~%2Fdata%2FUMRM%2Fvideos HTTP/1.1" 404 -
Traceback (most recent call last):
  File "/home/ubuntu/UMR_DATA/server.py", line 1566, in do_GET
    videos = list_videos(root)
             ^^^^^^^^^^^^^^^^^
  File "/home/ubuntu/UMR_DATA/annotator_gateway.py", line 34, in list_videos_with_id
    raise FileNotFoundError(f"Video root does not exist: {root}")
FileNotFoundError: Video root does not exist: /home/ubuntu/data/UMRM/videos
[01/Apr/2026 22:48:19] "GET /api/video-statuses?root=~%2Fdata%2FUMRM%2Fvideos HTTP/1.1" 404 -
[01/Apr/2026 22:48:47] "GET /api/video-statuses?root=%2Fhome%2Fubuntu%2FUMRM%2Fdata%2Fvideos HTTP/1.1" 200 -
Traceback (most recent call last):
  File "/home/ubuntu/UMR_DATA/server.py", line 1566, in do_GET
    videos = list_videos(root)
             ^^^^^^^^^^^^^^^^^
  File "/home/ubuntu/UMR_DATA/annotator_gateway.py", line 34, in list_videos_with_id
    raise FileNotFoundError(f"Video root does not exist: {root}")
FileNotFoundError: Video root does not exist: /home/ubuntu/data/UMRM/videos
[01/Apr/2026 22:49:25] "GET /api/video-statuses?root=~%2Fdata%2FUMRM%2Fvideos HTTP/1.1" 404 -
Traceback (most recent call last):
  File "/home/ubuntu/UMR_DATA/server.py", line 1566, in do_GET
    videos = list_videos(root)
             ^^^^^^^^^^^^^^^^^
  File "/home/ubuntu/UMR_DATA/annotator_gateway.py", line 34, in list_videos_with_id
    raise FileNotFoundError(f"Video root does not exist: {root}")
FileNotFoundError: Video root does not exist: /home/ubuntu/data/UMRM/videos
[01/Apr/2026 22:49:30] "GET /api/video-statuses?root=~%2Fdata%2FUMRM%2Fvideos HTTP/1.1" 404 -
Traceback (most recent call last):
  File "/home/ubuntu/UMR_DATA/server.py", line 1559, in do_GET
    videos = list_videos(root)
             ^^^^^^^^^^^^^^^^^
  File "/home/ubuntu/UMR_DATA/annotator_gateway.py", line 34, in list_videos_with_id
    raise FileNotFoundError(f"Video root does not exist: {root}")
FileNotFoundError: Video root does not exist: /home/ubuntu/data/UMRM/videos
[01/Apr/2026 22:49:31] "GET /api/videos?root=~%2Fdata%2FUMRM%2Fvideos HTTP/1.1" 404 -
Traceback (most recent call last):
  File "/home/ubuntu/UMR_DATA/server.py", line 1566, in do_GET
    videos = list_videos(root)
             ^^^^^^^^^^^^^^^^^
  File "/home/ubuntu/UMR_DATA/annotator_gateway.py", line 34, in list_videos_with_id
    raise FileNotFoundError(f"Video root does not exist: {root}")
FileNotFoundError: Video root does not exist: /home/ubuntu/data/UMRM/videos
[01/Apr/2026 22:49:35] "GET /api/video-statuses?root=~%2Fdata%2FUMRM%2Fvideos HTTP/1.1" 404 -
Traceback (most recent call last):
  File "/home/ubuntu/UMR_DATA/server.py", line 1559, in do_GET
    videos = list_videos(root)
             ^^^^^^^^^^^^^^^^^
  File "/home/ubuntu/UMR_DATA/annotator_gateway.py", line 34, in list_videos_with_id
    raise FileNotFoundError(f"Video root does not exist: {root}")
FileNotFoundError: Video root does not exist: /home/ubuntu/data/UMRM/videos
[01/Apr/2026 22:49:36] "GET /api/videos?root=~%2Fdata%2FUMRM%2Fvideos HTTP/1.1" 404 -
Traceback (most recent call last):
  File "/home/ubuntu/UMR_DATA/server.py", line 1566, in do_GET
    videos = list_videos(root)
             ^^^^^^^^^^^^^^^^^
  File "/home/ubuntu/UMR_DATA/annotator_gateway.py", line 34, in list_videos_with_id
    raise FileNotFoundError(f"Video root does not exist: {root}")
FileNotFoundError: Video root does not exist: /home/ubuntu/data/UMRM/videos
[01/Apr/2026 22:49:40] "GET /api/video-statuses?root=~%2Fdata%2FUMRM%2Fvideos HTTP/1.1" 404 -
Traceback (most recent call last):
  File "/home/ubuntu/UMR_DATA/server.py", line 1559, in do_GET
    videos = list_videos(root)
             ^^^^^^^^^^^^^^^^^
  File "/home/ubuntu/UMR_DATA/annotator_gateway.py", line 34, in list_videos_with_id
    raise FileNotFoundError(f"Video root does not exist: {root}")
FileNotFoundError: Video root does not exist: /data/UMRM/videos
[01/Apr/2026 22:49:44] "GET /api/videos?root=%2Fdata%2FUMRM%2Fvideos HTTP/1.1" 404 -
Traceback (most recent call last):
  File "/home/ubuntu/UMR_DATA/server.py", line 1566, in do_GET
    videos = list_videos(root)
             ^^^^^^^^^^^^^^^^^
  File "/home/ubuntu/UMR_DATA/annotator_gateway.py", line 34, in list_videos_with_id
    raise FileNotFoundError(f"Video root does not exist: {root}")
FileNotFoundError: Video root does not exist: /data/UMRM/videos
[01/Apr/2026 22:49:45] "GET /api/video-statuses?root=%2Fdata%2FUMRM%2Fvideos HTTP/1.1" 404 -
[01/Apr/2026 22:49:47] "GET /api/video-statuses?root=%2Fhome%2Fubuntu%2FUMRM%2Fdata%2Fvideos HTTP/1.1" 200 -
Traceback (most recent call last):
  File "/home/ubuntu/UMR_DATA/server.py", line 1566, in do_GET
    videos = list_videos(root)
             ^^^^^^^^^^^^^^^^^
  File "/home/ubuntu/UMR_DATA/annotator_gateway.py", line 34, in list_videos_with_id
    raise FileNotFoundError(f"Video root does not exist: {root}")
FileNotFoundError: Video root does not exist: /data/UMRM/videos
[01/Apr/2026 22:50:08] "GET /api/video-statuses?root=%2Fdata%2FUMRM%2Fvideos HTTP/1.1" 404 -
Traceback (most recent call last):
  File "/home/ubuntu/UMR_DATA/server.py", line 1566, in do_GET
    videos = list_videos(root)
             ^^^^^^^^^^^^^^^^^
  File "/home/ubuntu/UMR_DATA/annotator_gateway.py", line 34, in list_videos_with_id
    raise FileNotFoundError(f"Video root does not exist: {root}")
FileNotFoundError: Video root does not exist: /data/UMRM/videos
[01/Apr/2026 22:50:19] "GET /api/video-statuses?root=%2Fdata%2FUMRM%2Fvideos HTTP/1.1" 404 -
[01/Apr/2026 22:50:24] "GET /api/video-statuses?root= HTTP/1.1" 200 -
[01/Apr/2026 22:50:25] "GET /api/videos?root=%2Fdata%2FUMRM%2Fdata%2FEGO%2Fvideos%2Ffull_scale HTTP/1.1" 200 -
[01/Apr/2026 22:50:29] "GET /api/video-statuses?root=%2Fdata%2FUMRM%2Fdata%2FEGO%2Fvideos%2Ffull_scale HTTP/1.1" 200 -
[01/Apr/2026 22:50:34] "GET /api/video-statuses?root=%2Fdata%2FUMRM%2Fdata%2FEGO%2Fvideos%2Ffull_scale HTTP/1.1" 200 -
[01/Apr/2026 22:50:34] "POST /api/video-claim HTTP/1.1" 200 -
[01/Apr/2026 22:50:39] "GET /api/video-statuses?root=%2Fdata%2FUMRM%2Fdata%2FEGO%2Fvideos%2Ffull_scale HTTP/1.1" 200 -
[01/Apr/2026 22:50:44] "GET /api/video-statuses?root=%2Fdata%2FUMRM%2Fdata%2FEGO%2Fvideos%2Ffull_scale HTTP/1.1" 200 -
[01/Apr/2026 22:50:47] "GET /api/video-statuses?root=%2Fhome%2Fubuntu%2FUMRM%2Fdata%2Fvideos HTTP/1.1" 200 -
[01/Apr/2026 22:50:50] "GET /api/video-statuses?root=%2Fdata%2FUMRM%2Fdata%2FEGO%2Fvideos%2Ffull_scale HTTP/1.1" 200 -
[01/Apr/2026 22:50:54] "GET /api/video-statuses?root=%2Fdata%2FUMRM%2Fdata%2FEGO%2Fvideos%2Ffull_scale HTTP/1.1" 200 -
[01/Apr/2026 22:50:59] "GET /api/video-statuses?root=%2Fdata%2FUMRM%2Fdata%2FEGO%2Fvideos%2Ffull_scale HTTP/1.1" 200 -
[01/Apr/2026 22:51:04] "GET /api/video-statuses?root=%2Fdata%2FUMRM%2Fdata%2FEGO%2Fvideos%2Ffull_scale HTTP/1.1" 200 -
[01/Apr/2026 22:51:09] "GET /api/video-statuses?root=%2Fdata%2FUMRM%2Fdata%2FEGO%2Fvideos%2Ffull_scale HTTP/1.1" 200 -
[01/Apr/2026 22:51:14] "GET /api/video-statuses?root=%2Fdata%2FUMRM%2Fdata%2FEGO%2Fvideos%2Ffull_scale HTTP/1.1" 200 -
[01/Apr/2026 22:51:27] "GET /api/video-statuses?root=%2Fdata%2FUMRM%2Fdata%2FEGO%2Fvideos%2Ffull_scale HTTP/1.1" 200 -
[01/Apr/2026 22:51:32] "GET /api/video-statuses?root=%2Fdata%2FUMRM%2Fdata%2FEGO%2Fvideos%2Ffull_scale HTTP/1.1" 200 -
[01/Apr/2026 22:51:37] "GET /api/video-statuses?root=%2Fdata%2FUMRM%2Fdata%2FEGO%2Fvideos%2Ffull_scale HTTP/1.1" 200 -
[01/Apr/2026 22:51:42] "GET / HTTP/1.1" 200 -
[01/Apr/2026 22:51:42] "GET /styles.css HTTP/1.1" 200 -
[01/Apr/2026 22:51:42] "GET /app.js HTTP/1.1" 200 -
[01/Apr/2026 22:51:42] "GET /api/config HTTP/1.1" 200 -
[01/Apr/2026 22:51:42] code 404, message Static file not found.
[01/Apr/2026 22:51:42] "GET /favicon.ico HTTP/1.1" 404 -
[01/Apr/2026 22:51:42] "GET /api/videos?root=%2Fhome%2Fubuntu%2FUMRM%2Fdata%2Fvideos HTTP/1.1" 200 -
[01/Apr/2026 22:51:42] "GET /api/annotations?path=%2Fhome%2Fubuntu%2FUMR_DATA%2Fdata%2Fkuimou%2Fannotations.jsonl HTTP/1.1" 200 -
[01/Apr/2026 22:51:42] "GET /api/video-statuses?root=%2Fdata%2FUMRM%2Fdata%2FEGO%2Fvideos%2Ffull_scale HTTP/1.1" 200 -
[01/Apr/2026 22:51:45] "POST /api/video-claim HTTP/1.1" 200 -
[01/Apr/2026 22:51:45] "GET /preview?path=/home/ubuntu/UMRM/data/videos/001_f104_campground.mp4 HTTP/1.1" 206 -
[01/Apr/2026 22:51:45] "GET /preview?path=/home/ubuntu/UMRM/data/videos/001_f104_campground.mp4 HTTP/1.1" 206 -
[01/Apr/2026 22:51:46] code 404, message Static file not found.
[01/Apr/2026 22:51:46] "GET /favicon.ico HTTP/1.1" 404 -
Traceback (most recent call last):
  File "/home/ubuntu/UMR_DATA/server.py", line 1605, in do_GET
    self.serve_file(preview_path)
  File "/home/ubuntu/UMR_DATA/server.py", line 1806, in serve_file
    self.wfile.write(chunk)
  File "/usr/lib/python3.12/socketserver.py", line 840, in write
    self._sock.sendall(b)
BrokenPipeError: [Errno 32] Broken pipe
[01/Apr/2026 22:51:46] "GET /preview?path=/home/ubuntu/UMRM/data/videos/001_f104_campground.mp4 HTTP/1.1" 400 -
----------------------------------------
Exception occurred during processing of request from ('218.107.35.216', 21135)
Traceback (most recent call last):
  File "/home/ubuntu/UMR_DATA/server.py", line 1605, in do_GET
    self.serve_file(preview_path)
  File "/home/ubuntu/UMR_DATA/server.py", line 1806, in serve_file
    self.wfile.write(chunk)
  File "/usr/lib/python3.12/socketserver.py", line 840, in write
    self._sock.sendall(b)
BrokenPipeError: [Errno 32] Broken pipe

During handling of the above exception, another exception occurred:

Traceback (most recent call last):
  File "/usr/lib/python3.12/socketserver.py", line 692, in process_request_thread
    self.finish_request(request, client_address)
  File "/usr/lib/python3.12/socketserver.py", line 362, in finish_request
    self.RequestHandlerClass(request, client_address, self)
  File "/usr/lib/python3.12/socketserver.py", line 761, in __init__
    self.handle()
  File "/usr/lib/python3.12/http/server.py", line 436, in handle
    self.handle_one_request()
  File "/usr/lib/python3.12/http/server.py", line 424, in handle_one_request
    method()
  File "/home/ubuntu/UMR_DATA/server.py", line 1610, in do_GET
    self.handle_exception(exc)
  File "/home/ubuntu/UMR_DATA/server.py", line 1834, in handle_exception
    self.send_json(
  File "/home/ubuntu/UMR_DATA/server.py", line 1824, in send_json
    self.end_headers()
  File "/usr/lib/python3.12/http/server.py", line 538, in end_headers
    self.flush_headers()
  File "/usr/lib/python3.12/http/server.py", line 542, in flush_headers
    self.wfile.write(b"".join(self._headers_buffer))
  File "/usr/lib/python3.12/socketserver.py", line 840, in write
    self._sock.sendall(b)
BrokenPipeError: [Errno 32] Broken pipe
----------------------------------------
[01/Apr/2026 22:51:47] "GET /api/video-statuses?root=%2Fhome%2Fubuntu%2FUMRM%2Fdata%2Fvideos HTTP/1.1" 200 -
[01/Apr/2026 22:51:47] "GET /api/video-statuses?root=%2Fdata%2FUMRM%2Fdata%2FEGO%2Fvideos%2Ffull_scale HTTP/1.1" 200 -
[01/Apr/2026 22:51:47] "GET /api/video-statuses?root=%2Fhome%2Fubuntu%2FUMRM%2Fdata%2Fvideos HTTP/1.1" 200 -
[01/Apr/2026 22:51:52] "POST /api/video-claim HTTP/1.1" 200 -
[01/Apr/2026 22:51:52] "GET /api/video-statuses?root=%2Fdata%2FUMRM%2Fdata%2FEGO%2Fvideos%2Ffull_scale HTTP/1.1" 200 -
[01/Apr/2026 22:51:52] "GET /api/video-statuses?root= HTTP/1.1" 200 -
[01/Apr/2026 22:51:53] "POST /api/video-claim HTTP/1.1" 200 -
[01/Apr/2026 22:51:54] "POST /api/video-claim HTTP/1.1" 200 -
[01/Apr/2026 22:51:56] "POST /api/video-release HTTP/1.1" 200 -
[01/Apr/2026 22:51:56] "POST /api/video-claim HTTP/1.1" 200 -
[01/Apr/2026 22:51:56] "POST /api/video-release HTTP/1.1" 200 -
[01/Apr/2026 22:51:56] "POST /api/video-claim HTTP/1.1" 200 -
[01/Apr/2026 22:51:57] "GET /api/video-statuses?root=%2Fdata%2FUMRM%2Fdata%2FEGO%2Fvideos%2Ffull_scale HTTP/1.1" 200 -
[01/Apr/2026 22:51:57] "GET /api/video-statuses?root= HTTP/1.1" 200 -
[01/Apr/2026 22:51:59] "GET /api/videos?root=%2Fdata%2FUMRM%2Fdata%2FEGO%2Fvideos%2Ffull_scale HTTP/1.1" 200 -
[01/Apr/2026 22:52:01] "POST /api/video-claim HTTP/1.1" 200 -
[01/Apr/2026 22:52:02] "GET /api/video-statuses?root=%2Fdata%2FUMRM%2Fdata%2FEGO%2Fvideos%2Ffull_scale HTTP/1.1" 200 -
[01/Apr/2026 22:52:02] "GET /api/video-statuses?root=%2Fdata%2FUMRM%2Fdata%2FEGO%2Fvideos%2Ffull_scale HTTP/1.1" 200 -
[01/Apr/2026 22:52:07] "GET /api/video-statuses?root=%2Fdata%2FUMRM%2Fdata%2FEGO%2Fvideos%2Ffull_scale HTTP/1.1" 200 -
[01/Apr/2026 22:52:07] "GET /api/video-statuses?root=%2Fdata%2FUMRM%2Fdata%2FEGO%2Fvideos%2Ffull_scale HTTP/1.1" 200 -
[01/Apr/2026 22:52:12] "GET /api/video-statuses?root=%2Fdata%2FUMRM%2Fdata%2FEGO%2Fvideos%2Ffull_scale HTTP/1.1" 200 -
[01/Apr/2026 22:52:12] "GET /api/video-statuses?root=%2Fdata%2FUMRM%2Fdata%2FEGO%2Fvideos%2Ffull_scale HTTP/1.1" 200 -
[01/Apr/2026 22:52:13] "POST /api/video-release HTTP/1.1" 200 -
[01/Apr/2026 22:52:14] "POST /api/video-claim HTTP/1.1" 200 -
[01/Apr/2026 22:52:15] "POST /api/video-release HTTP/1.1" 200 -
[01/Apr/2026 22:52:15] "POST /api/video-claim HTTP/1.1" 200 -
[01/Apr/2026 22:52:16] "POST /api/video-claim HTTP/1.1" 200 -
[01/Apr/2026 22:52:16] "POST /api/video-claim HTTP/1.1" 200 -
[01/Apr/2026 22:52:17] "POST /api/video-claim HTTP/1.1" 200 -
[01/Apr/2026 22:52:17] "POST /api/video-claim HTTP/1.1" 200 -
[01/Apr/2026 22:52:18] "GET /api/video-statuses?root=%2Fdata%2FUMRM%2Fdata%2FEGO%2Fvideos%2Ffull_scale HTTP/1.1" 200 -
[01/Apr/2026 22:52:18] "GET /api/video-statuses?root=%2Fdata%2FUMRM%2Fdata%2FEGO%2Fvideos%2Ffull_scale HTTP/1.1" 200 -
[01/Apr/2026 22:52:18] "POST /api/video-claim HTTP/1.1" 200 -
[01/Apr/2026 22:52:18] "POST /api/video-claim HTTP/1.1" 200 -
[01/Apr/2026 22:52:18] "POST /api/video-claim HTTP/1.1" 200 -
[01/Apr/2026 22:52:18] "POST /api/video-claim HTTP/1.1" 200 -
[01/Apr/2026 22:52:21] "POST /api/video-release HTTP/1.1" 200 -
[01/Apr/2026 22:52:21] "POST /api/video-claim HTTP/1.1" 200 -
[01/Apr/2026 22:52:23] "GET /api/video-statuses?root=%2Fdata%2FUMRM%2Fdata%2FEGO%2Fvideos%2Ffull_scale HTTP/1.1" 200 -
[01/Apr/2026 22:52:23] "GET /api/video-statuses?root=%2Fdata%2FUMRM%2Fdata%2FEGO%2Fvideos%2Ffull_scale HTTP/1.1" 200 -
[01/Apr/2026 22:52:23] "POST /api/video-release HTTP/1.1" 200 -
[01/Apr/2026 22:52:23] "POST /api/video-claim HTTP/1.1" 200 -
[01/Apr/2026 22:52:24] "POST /api/video-release HTTP/1.1" 200 -
[01/Apr/2026 22:52:24] "POST /api/video-claim HTTP/1.1" 200 -
[01/Apr/2026 22:52:28] "GET /api/video-statuses?root=%2Fdata%2FUMRM%2Fdata%2FEGO%2Fvideos%2Ffull_scale HTTP/1.1" 200 -
[01/Apr/2026 22:52:28] "GET /api/video-statuses?root=%2Fdata%2FUMRM%2Fdata%2FEGO%2Fvideos%2Ffull_scale HTTP/1.1" 200 -
[01/Apr/2026 22:52:33] "GET /api/video-statuses?root=%2Fdata%2FUMRM%2Fdata%2FEGO%2Fvideos%2Ffull_scale HTTP/1.1" 200 -
[01/Apr/2026 22:52:34] "GET /api/video-statuses?root=%2Fdata%2FUMRM%2Fdata%2FEGO%2Fvideos%2Ffull_scale HTTP/1.1" 200 -
[01/Apr/2026 22:52:37] "GET /api/video-statuses?root=%2Fdata%2FUMRM%2Fdata%2FEGO%2Fvideos%2Ffull_scale HTTP/1.1" 200 -
[01/Apr/2026 22:52:43] "GET /api/video-statuses?root=%2Fdata%2FUMRM%2Fdata%2FEGO%2Fvideos%2Ffull_scale HTTP/1.1" 200 -
[01/Apr/2026 22:52:44] "GET /preview?path=/data/UMRM/data/EGO/videos/full_scale/000a3525-6c98-4650-aaab-be7d2c7b9402.mp4 HTTP/1.1" 206 -
[01/Apr/2026 22:52:44] "GET /preview?path=/data/UMRM/data/EGO/videos/full_scale/000a3525-6c98-4650-aaab-be7d2c7b9402.mp4 HTTP/1.1" 206 -
[01/Apr/2026 22:52:44] "GET /preview?path=/data/UMRM/data/EGO/videos/full_scale/000a3525-6c98-4650-aaab-be7d2c7b9402.mp4 HTTP/1.1" 206 -
Traceback (most recent call last):
  File "/home/ubuntu/UMR_DATA/server.py", line 1605, in do_GET
    self.serve_file(preview_path)
  File "/home/ubuntu/UMR_DATA/server.py", line 1806, in serve_file
    self.wfile.write(chunk)
  File "/usr/lib/python3.12/socketserver.py", line 840, in write
    self._sock.sendall(b)
BrokenPipeError: [Errno 32] Broken pipe
[01/Apr/2026 22:52:44] "GET /preview?path=/data/UMRM/data/EGO/videos/full_scale/000a3525-6c98-4650-aaab-be7d2c7b9402.mp4 HTTP/1.1" 400 -
----------------------------------------
Exception occurred during processing of request from ('218.107.35.216', 21141)
Traceback (most recent call last):
  File "/home/ubuntu/UMR_DATA/server.py", line 1605, in do_GET
    self.serve_file(preview_path)
  File "/home/ubuntu/UMR_DATA/server.py", line 1806, in serve_file
    self.wfile.write(chunk)
  File "/usr/lib/python3.12/socketserver.py", line 840, in write
    self._sock.sendall(b)
BrokenPipeError: [Errno 32] Broken pipe
[01/Apr/2026 22:52:44] "GET /preview?path=/data/UMRM/data/EGO/videos/full_scale/000a3525-6c98-4650-aaab-be7d2c7b9402.mp4 HTTP/1.1" 400 -
----------------------------------------
Exception occurred during processing of request from ('218.107.35.216', 21212)
Traceback (most recent call last):
  File "/home/ubuntu/UMR_DATA/server.py", line 1605, in do_GET
    self.serve_file(preview_path)
  File "/home/ubuntu/UMR_DATA/server.py", line 1806, in serve_file
    self.wfile.write(chunk)
  File "/usr/lib/python3.12/socketserver.py", line 840, in write
    self._sock.sendall(b)
BrokenPipeError: [Errno 32] Broken pipe

During handling of the above exception, another exception occurred:

Traceback (most recent call last):
  File "/usr/lib/python3.12/socketserver.py", line 692, in process_request_thread
    self.finish_request(request, client_address)
  File "/usr/lib/python3.12/socketserver.py", line 362, in finish_request
    self.RequestHandlerClass(request, client_address, self)
  File "/usr/lib/python3.12/socketserver.py", line 761, in __init__
    self.handle()
  File "/usr/lib/python3.12/http/server.py", line 436, in handle
    self.handle_one_request()
  File "/usr/lib/python3.12/http/server.py", line 424, in handle_one_request
    method()
  File "/home/ubuntu/UMR_DATA/server.py", line 1610, in do_GET
    self.handle_exception(exc)
  File "/home/ubuntu/UMR_DATA/server.py", line 1834, in handle_exception
    self.send_json(
  File "/home/ubuntu/UMR_DATA/server.py", line 1824, in send_json
    self.end_headers()
  File "/usr/lib/python3.12/http/server.py", line 538, in end_headers
    self.flush_headers()
  File "/usr/lib/python3.12/http/server.py", line 542, in flush_headers
    self.wfile.write(b"".join(self._headers_buffer))
  File "/usr/lib/python3.12/socketserver.py", line 840, in write
    self._sock.sendall(b)
BrokenPipeError: [Errno 32] Broken pipe
----------------------------------------
Traceback (most recent call last):
  File "/home/ubuntu/UMR_DATA/server.py", line 1605, in do_GET
    self.serve_file(preview_path)
  File "/home/ubuntu/UMR_DATA/server.py", line 1806, in serve_file
    self.wfile.write(chunk)
  File "/usr/lib/python3.12/socketserver.py", line 840, in write
    self._sock.sendall(b)
BrokenPipeError: [Errno 32] Broken pipe

During handling of the above exception, another exception occurred:

Traceback (most recent call last):
  File "/usr/lib/python3.12/socketserver.py", line 692, in process_request_thread
    self.finish_request(request, client_address)
  File "/usr/lib/python3.12/socketserver.py", line 362, in finish_request
    self.RequestHandlerClass(request, client_address, self)
  File "/usr/lib/python3.12/socketserver.py", line 761, in __init__
    self.handle()
  File "/usr/lib/python3.12/http/server.py", line 436, in handle
    self.handle_one_request()
  File "/usr/lib/python3.12/http/server.py", line 424, in handle_one_request
    method()
  File "/home/ubuntu/UMR_DATA/server.py", line 1610, in do_GET
    self.handle_exception(exc)
  File "/home/ubuntu/UMR_DATA/server.py", line 1834, in handle_exception
    self.send_json(
  File "/home/ubuntu/UMR_DATA/server.py", line 1824, in send_json
    self.end_headers()
  File "/usr/lib/python3.12/http/server.py", line 538, in end_headers
    self.flush_headers()
  File "/usr/lib/python3.12/http/server.py", line 542, in flush_headers
    self.wfile.write(b"".join(self._headers_buffer))
  File "/usr/lib/python3.12/socketserver.py", line 840, in write
    self._sock.sendall(b)
BrokenPipeError: [Errno 32] Broken pipe
----------------------------------------
[01/Apr/2026 22:52:47] "GET /api/video-statuses?root=%2Fhome%2Fubuntu%2FUMRM%2Fdata%2Fvideos HTTP/1.1" 200 -
[01/Apr/2026 22:52:48] "GET /api/video-statuses?root=%2Fdata%2FUMRM%2Fdata%2FEGO%2Fvideos%2Ffull_scale HTTP/1.1" 200 -
[01/Apr/2026 22:52:53] "GET /api/video-statuses?root=%2Fdata%2FUMRM%2Fdata%2FEGO%2Fvideos%2Ffull_scale HTTP/1.1" 200 -
[01/Apr/2026 22:52:58] "GET /api/video-statuses?root=%2Fdata%2FUMRM%2Fdata%2FEGO%2Fvideos%2Ffull_scale HTTP/1.1" 200 -
[01/Apr/2026 22:53:03] "GET /api/video-statuses?root=%2Fdata%2FUMRM%2Fdata%2FEGO%2Fvideos%2Ffull_scale HTTP/1.1" 200 -
[01/Apr/2026 22:53:07] "GET /api/video-statuses?root=%2Fdata%2FUMRM%2Fdata%2FEGO%2Fvideos%2Ffull_scale HTTP/1.1" 200 -
[01/Apr/2026 22:53:13] "GET /api/video-statuses?root=%2Fdata%2FUMRM%2Fdata%2FEGO%2Fvideos%2Ffull_scale HTTP/1.1" 200 -
[01/Apr/2026 22:53:18] "GET /api/video-statuses?root=%2Fdata%2FUMRM%2Fdata%2FEGO%2Fvideos%2Ffull_scale HTTP/1.1" 200 -
[01/Apr/2026 22:53:23] "GET /api/video-statuses?root=%2Fdata%2FUMRM%2Fdata%2FEGO%2Fvideos%2Ffull_scale HTTP/1.1" 200 -
[01/Apr/2026 22:53:28] "GET /api/video-statuses?root=%2Fdata%2FUMRM%2Fdata%2FEGO%2Fvideos%2Ffull_scale HTTP/1.1" 200 -
[01/Apr/2026 22:53:33] "GET /api/video-statuses?root=%2Fdata%2FUMRM%2Fdata%2FEGO%2Fvideos%2Ffull_scale HTTP/1.1" 200 -
[01/Apr/2026 22:53:38] "GET /api/video-statuses?root=%2Fdata%2FUMRM%2Fdata%2FEGO%2Fvideos%2Ffull_scale HTTP/1.1" 200 -
[01/Apr/2026 22:53:43] "GET /api/video-statuses?root=%2Fdata%2FUMRM%2Fdata%2FEGO%2Fvideos%2Ffull_scale HTTP/1.1" 200 -
[01/Apr/2026 22:53:47] "GET /api/video-statuses?root=%2Fhome%2Fubuntu%2FUMRM%2Fdata%2Fvideos HTTP/1.1" 200 -
[01/Apr/2026 22:53:48] "GET /api/video-statuses?root=%2Fdata%2FUMRM%2Fdata%2FEGO%2Fvideos%2Ffull_scale HTTP/1.1" 200 -
[01/Apr/2026 22:53:53] "GET /api/video-statuses?root=%2Fdata%2FUMRM%2Fdata%2FEGO%2Fvideos%2Ffull_scale HTTP/1.1" 200 -
[01/Apr/2026 22:53:58] "GET /api/video-statuses?root=%2Fdata%2FUMRM%2Fdata%2FEGO%2Fvideos%2Ffull_scale HTTP/1.1" 200 -
[01/Apr/2026 22:54:03] "GET /api/video-statuses?root=%2Fdata%2FUMRM%2Fdata%2FEGO%2Fvideos%2Ffull_scale HTTP/1.1" 200 -
[01/Apr/2026 22:54:08] "GET /api/video-statuses?root=%2Fdata%2FUMRM%2Fdata%2FEGO%2Fvideos%2Ffull_scale HTTP/1.1" 200 -
