nohup: ignoring input
[01/Apr/2026 22:54:47] "GET /api/video-statuses?root=%2Fhome%2Fubuntu%2FUMRM%2Fdata%2Fvideos HTTP/1.1" 200 -
[01/Apr/2026 22:54:54] "GET /api/video-statuses?root=%2Fdata%2FUMRM%2Fdata%2FEGO%2Fvideos%2Ffull_scale HTTP/1.1" 200 -
[01/Apr/2026 22:55:47] "GET /api/video-statuses?root=%2Fhome%2Fubuntu%2FUMRM%2Fdata%2Fvideos HTTP/1.1" 200 -
[01/Apr/2026 22:55:54] "GET /api/video-statuses?root=%2Fdata%2FUMRM%2Fdata%2FEGO%2Fvideos%2Ffull_scale HTTP/1.1" 200 -
[01/Apr/2026 22:56:47] "GET /api/video-statuses?root=%2Fhome%2Fubuntu%2FUMRM%2Fdata%2Fvideos HTTP/1.1" 200 -
[01/Apr/2026 22:56:54] "GET /api/video-statuses?root=%2Fdata%2FUMRM%2Fdata%2FEGO%2Fvideos%2Ffull_scale HTTP/1.1" 200 -
[01/Apr/2026 22:57:47] "GET /api/video-statuses?root=%2Fhome%2Fubuntu%2FUMRM%2Fdata%2Fvideos HTTP/1.1" 200 -
[01/Apr/2026 22:57:54] "GET /api/video-statuses?root=%2Fdata%2FUMRM%2Fdata%2FEGO%2Fvideos%2Ffull_scale HTTP/1.1" 200 -
[01/Apr/2026 22:58:47] "GET /api/video-statuses?root=%2Fhome%2Fubuntu%2FUMRM%2Fdata%2Fvideos HTTP/1.1" 200 -
[01/Apr/2026 22:58:54] "GET /api/video-statuses?root=%2Fdata%2FUMRM%2Fdata%2FEGO%2Fvideos%2Ffull_scale HTTP/1.1" 200 -
[01/Apr/2026 22:59:47] "GET /api/video-statuses?root=%2Fhome%2Fubuntu%2FUMRM%2Fdata%2Fvideos HTTP/1.1" 200 -
[01/Apr/2026 22:59:54] "GET /api/video-statuses?root=%2Fdata%2FUMRM%2Fdata%2FEGO%2Fvideos%2Ffull_scale HTTP/1.1" 200 -
[01/Apr/2026 23:00:47] "GET /api/video-statuses?root=%2Fhome%2Fubuntu%2FUMRM%2Fdata%2Fvideos HTTP/1.1" 200 -
[01/Apr/2026 23:00:54] "GET /api/video-statuses?root=%2Fdata%2FUMRM%2Fdata%2FEGO%2Fvideos%2Ffull_scale HTTP/1.1" 200 -
[01/Apr/2026 23:01:47] "GET /api/video-statuses?root=%2Fhome%2Fubuntu%2FUMRM%2Fdata%2Fvideos HTTP/1.1" 200 -
[01/Apr/2026 23:01:54] "GET /api/video-statuses?root=%2Fdata%2FUMRM%2Fdata%2FEGO%2Fvideos%2Ffull_scale HTTP/1.1" 200 -
[01/Apr/2026 23:02:47] "GET /api/video-statuses?root=%2Fhome%2Fubuntu%2FUMRM%2Fdata%2Fvideos HTTP/1.1" 200 -
[01/Apr/2026 23:02:54] "GET /api/video-statuses?root=%2Fdata%2FUMRM%2Fdata%2FEGO%2Fvideos%2Ffull_scale HTTP/1.1" 200 -
[01/Apr/2026 23:03:47] "GET /api/video-statuses?root=%2Fhome%2Fubuntu%2FUMRM%2Fdata%2Fvideos HTTP/1.1" 200 -
[01/Apr/2026 23:03:54] "GET /api/video-statuses?root=%2Fdata%2FUMRM%2Fdata%2FEGO%2Fvideos%2Ffull_scale HTTP/1.1" 200 -
[01/Apr/2026 23:04:47] "GET /api/video-statuses?root=%2Fhome%2Fubuntu%2FUMRM%2Fdata%2Fvideos HTTP/1.1" 200 -
[01/Apr/2026 23:04:54] "GET /api/video-statuses?root=%2Fdata%2FUMRM%2Fdata%2FEGO%2Fvideos%2Ffull_scale HTTP/1.1" 200 -
[01/Apr/2026 23:05:47] "GET /api/video-statuses?root=%2Fhome%2Fubuntu%2FUMRM%2Fdata%2Fvideos HTTP/1.1" 200 -
[01/Apr/2026 23:05:54] "GET /api/video-statuses?root=%2Fdata%2FUMRM%2Fdata%2FEGO%2Fvideos%2Ffull_scale HTTP/1.1" 200 -
[01/Apr/2026 23:06:47] "GET /api/video-statuses?root=%2Fhome%2Fubuntu%2FUMRM%2Fdata%2Fvideos HTTP/1.1" 200 -
[01/Apr/2026 23:06:54] "GET /api/video-statuses?root=%2Fdata%2FUMRM%2Fdata%2FEGO%2Fvideos%2Ffull_scale HTTP/1.1" 200 -
[01/Apr/2026 23:07:47] "GET /api/video-statuses?root=%2Fhome%2Fubuntu%2FUMRM%2Fdata%2Fvideos HTTP/1.1" 200 -
[01/Apr/2026 23:07:54] "GET /api/video-statuses?root=%2Fdata%2FUMRM%2Fdata%2FEGO%2Fvideos%2Ffull_scale HTTP/1.1" 200 -
[01/Apr/2026 23:08:47] "GET /api/video-statuses?root=%2Fhome%2Fubuntu%2FUMRM%2Fdata%2Fvideos HTTP/1.1" 200 -
[01/Apr/2026 23:08:54] "GET /api/video-statuses?root=%2Fdata%2FUMRM%2Fdata%2FEGO%2Fvideos%2Ffull_scale HTTP/1.1" 200 -
[01/Apr/2026 23:09:47] "GET /api/video-statuses?root=%2Fhome%2Fubuntu%2FUMRM%2Fdata%2Fvideos HTTP/1.1" 200 -
[01/Apr/2026 23:09:54] "GET /api/video-statuses?root=%2Fdata%2FUMRM%2Fdata%2FEGO%2Fvideos%2Ffull_scale HTTP/1.1" 200 -
[01/Apr/2026 23:10:47] "GET /api/video-statuses?root=%2Fhome%2Fubuntu%2FUMRM%2Fdata%2Fvideos HTTP/1.1" 200 -
[01/Apr/2026 23:10:54] "GET /api/video-statuses?root=%2Fdata%2FUMRM%2Fdata%2FEGO%2Fvideos%2Ffull_scale HTTP/1.1" 200 -
[01/Apr/2026 23:11:47] "GET /api/video-statuses?root=%2Fhome%2Fubuntu%2FUMRM%2Fdata%2Fvideos HTTP/1.1" 200 -
[01/Apr/2026 23:11:54] "GET /api/video-statuses?root=%2Fdata%2FUMRM%2Fdata%2FEGO%2Fvideos%2Ffull_scale HTTP/1.1" 200 -
[01/Apr/2026 23:12:47] "GET /api/video-statuses?root=%2Fhome%2Fubuntu%2FUMRM%2Fdata%2Fvideos HTTP/1.1" 200 -
[01/Apr/2026 23:12:54] "GET /api/video-statuses?root=%2Fdata%2FUMRM%2Fdata%2FEGO%2Fvideos%2Ffull_scale HTTP/1.1" 200 -
[01/Apr/2026 23:13:47] "GET /api/video-statuses?root=%2Fhome%2Fubuntu%2FUMRM%2Fdata%2Fvideos HTTP/1.1" 200 -
[01/Apr/2026 23:13:54] "GET /api/video-statuses?root=%2Fdata%2FUMRM%2Fdata%2FEGO%2Fvideos%2Ffull_scale HTTP/1.1" 200 -
[01/Apr/2026 23:14:47] "GET /api/video-statuses?root=%2Fhome%2Fubuntu%2FUMRM%2Fdata%2Fvideos HTTP/1.1" 200 -
[01/Apr/2026 23:14:54] "GET /api/video-statuses?root=%2Fdata%2FUMRM%2Fdata%2FEGO%2Fvideos%2Ffull_scale HTTP/1.1" 200 -
[01/Apr/2026 23:15:47] "GET /api/video-statuses?root=%2Fhome%2Fubuntu%2FUMRM%2Fdata%2Fvideos HTTP/1.1" 200 -
[01/Apr/2026 23:15:54] "GET /api/video-statuses?root=%2Fdata%2FUMRM%2Fdata%2FEGO%2Fvideos%2Ffull_scale HTTP/1.1" 200 -
[01/Apr/2026 23:16:47] "GET /api/video-statuses?root=%2Fhome%2Fubuntu%2FUMRM%2Fdata%2Fvideos HTTP/1.1" 200 -
[01/Apr/2026 23:16:54] "GET /api/video-statuses?root=%2Fdata%2FUMRM%2Fdata%2FEGO%2Fvideos%2Ffull_scale HTTP/1.1" 200 -
[01/Apr/2026 23:17:47] "GET /api/video-statuses?root=%2Fhome%2Fubuntu%2FUMRM%2Fdata%2Fvideos HTTP/1.1" 200 -
[01/Apr/2026 23:17:54] "GET /api/video-statuses?root=%2Fdata%2FUMRM%2Fdata%2FEGO%2Fvideos%2Ffull_scale HTTP/1.1" 200 -
[01/Apr/2026 23:18:47] "GET /api/video-statuses?root=%2Fhome%2Fubuntu%2FUMRM%2Fdata%2Fvideos HTTP/1.1" 200 -
[01/Apr/2026 23:18:54] "GET /api/video-statuses?root=%2Fdata%2FUMRM%2Fdata%2FEGO%2Fvideos%2Ffull_scale HTTP/1.1" 200 -
[01/Apr/2026 23:19:47] "GET /api/video-statuses?root=%2Fhome%2Fubuntu%2FUMRM%2Fdata%2Fvideos HTTP/1.1" 200 -
[01/Apr/2026 23:19:54] "GET /api/video-statuses?root=%2Fdata%2FUMRM%2Fdata%2FEGO%2Fvideos%2Ffull_scale HTTP/1.1" 200 -
[01/Apr/2026 23:20:47] "GET /api/video-statuses?root=%2Fhome%2Fubuntu%2FUMRM%2Fdata%2Fvideos HTTP/1.1" 200 -
[01/Apr/2026 23:20:54] "GET /api/video-statuses?root=%2Fdata%2FUMRM%2Fdata%2FEGO%2Fvideos%2Ffull_scale HTTP/1.1" 200 -
[01/Apr/2026 23:21:47] "GET /api/video-statuses?root=%2Fhome%2Fubuntu%2FUMRM%2Fdata%2Fvideos HTTP/1.1" 200 -
[01/Apr/2026 23:21:54] "GET /api/video-statuses?root=%2Fdata%2FUMRM%2Fdata%2FEGO%2Fvideos%2Ffull_scale HTTP/1.1" 200 -
[01/Apr/2026 23:22:47] "GET /api/video-statuses?root=%2Fhome%2Fubuntu%2FUMRM%2Fdata%2Fvideos HTTP/1.1" 200 -
[01/Apr/2026 23:22:54] "GET /api/video-statuses?root=%2Fdata%2FUMRM%2Fdata%2FEGO%2Fvideos%2Ffull_scale HTTP/1.1" 200 -
[01/Apr/2026 23:23:47] "GET /api/video-statuses?root=%2Fhome%2Fubuntu%2FUMRM%2Fdata%2Fvideos HTTP/1.1" 200 -
[01/Apr/2026 23:23:54] "GET /api/video-statuses?root=%2Fdata%2FUMRM%2Fdata%2FEGO%2Fvideos%2Ffull_scale HTTP/1.1" 200 -
[01/Apr/2026 23:24:47] "GET /api/video-statuses?root=%2Fhome%2Fubuntu%2FUMRM%2Fdata%2Fvideos HTTP/1.1" 200 -
[01/Apr/2026 23:24:53] "GET /api/video-statuses?root=%2Fdata%2FUMRM%2Fdata%2FEGO%2Fvideos%2Ffull_scale HTTP/1.1" 200 -
[01/Apr/2026 23:24:55] "GET / HTTP/1.1" 200 -
[01/Apr/2026 23:24:56] "GET /styles.css HTTP/1.1" 200 -
[01/Apr/2026 23:24:57] "GET /app.js HTTP/1.1" 200 -
[01/Apr/2026 23:25:13] "GET / HTTP/1.1" 200 -
[01/Apr/2026 23:25:13] "GET /styles.css HTTP/1.1" 200 -
[01/Apr/2026 23:25:17] "GET /app.js HTTP/1.1" 200 -
[01/Apr/2026 23:25:32] "GET /api/config HTTP/1.1" 200 -
[01/Apr/2026 23:25:32] "GET /api/videos?root=%2Fhome%2Fubuntu%2FUMRM%2Fdata%2Fvideos HTTP/1.1" 200 -
[01/Apr/2026 23:25:32] "GET /api/annotations?path=%2Fhome%2Fubuntu%2FUMR_DATA%2Fdata%2Fkuimou%2Fannotations.jsonl HTTP/1.1" 200 -
Traceback (most recent call last):
  File "/home/ubuntu/UMR_DATA/server.py", line 1689, in do_POST
    result = claim_video(video_path, video_relative_path, annotator_id)
             ^^^^^^^^^^^^^^^^^^^^^^^^^^^^^^^^^^^^^^^^^^^^^^^^^^^^^^^^^^
  File "/home/ubuntu/UMR_DATA/server.py", line 366, in claim_video
    raise ValueError(f"该视频状态为 {status_value}，不可再次领取。")
ValueError: 该视频状态为 completed_unverified，不可再次领取。
[01/Apr/2026 23:25:33] "POST /api/video-claim HTTP/1.1" 400 -
[01/Apr/2026 23:25:33] "GET /api/video-statuses?root=%2Fhome%2Fubuntu%2FUMRM%2Fdata%2Fvideos HTTP/1.1" 200 -
[01/Apr/2026 23:25:34] "POST /api/video-claim HTTP/1.1" 200 -
[01/Apr/2026 23:25:35] "GET /preview?path=/home/ubuntu/UMRM/data/videos/001_f104_campground.mp4 HTTP/1.1" 206 -
[01/Apr/2026 23:25:37] "GET /api/video-statuses?root=%2Fhome%2Fubuntu%2FUMRM%2Fdata%2Fvideos HTTP/1.1" 200 -
[01/Apr/2026 23:25:38] "GET /api/videos?root=%2Fdata%2FUMRM%2Fdata%2FEGO%2Fvideos%2Ffull_scale HTTP/1.1" 200 -
[01/Apr/2026 23:25:41] "POST /api/video-claim HTTP/1.1" 200 -
[01/Apr/2026 23:25:41] "GET /preview?path=/data/UMRM/data/EGO/videos/full_scale/000a3525-6c98-4650-aaab-be7d2c7b9402.mp4 HTTP/1.1" 206 -
[01/Apr/2026 23:25:42] "GET /api/video-statuses?root=%2Fdata%2FUMRM%2Fdata%2FEGO%2Fvideos%2Ffull_scale HTTP/1.1" 200 -
[01/Apr/2026 23:25:47] "GET /api/video-statuses?root=%2Fdata%2FUMRM%2Fdata%2FEGO%2Fvideos%2Ffull_scale HTTP/1.1" 200 -
[01/Apr/2026 23:25:47] "GET /api/video-statuses?root=%2Fhome%2Fubuntu%2FUMRM%2Fdata%2Fvideos HTTP/1.1" 200 -
[01/Apr/2026 23:25:52] "GET /api/video-statuses?root=%2Fdata%2FUMRM%2Fdata%2FEGO%2Fvideos%2Ffull_scale HTTP/1.1" 200 -
[01/Apr/2026 23:25:56] "POST /api/video-release HTTP/1.1" 200 -
[01/Apr/2026 23:25:56] "POST /api/video-claim HTTP/1.1" 200 -
[01/Apr/2026 23:25:57] "GET /api/video-statuses?root=%2Fdata%2FUMRM%2Fdata%2FEGO%2Fvideos%2Ffull_scale HTTP/1.1" 200 -
[01/Apr/2026 23:26:02] "GET /api/video-statuses?root=%2Fdata%2FUMRM%2Fdata%2FEGO%2Fvideos%2Ffull_scale HTTP/1.1" 200 -
[01/Apr/2026 23:26:07] "GET /api/video-statuses?root=%2Fdata%2FUMRM%2Fdata%2FEGO%2Fvideos%2Ffull_scale HTTP/1.1" 200 -
[01/Apr/2026 23:26:11] "POST /api/video-release HTTP/1.1" 200 -
[01/Apr/2026 23:26:11] "POST /api/video-claim HTTP/1.1" 200 -
[01/Apr/2026 23:26:12] "GET /api/video-statuses?root=%2Fdata%2FUMRM%2Fdata%2FEGO%2Fvideos%2Ffull_scale HTTP/1.1" 200 -
[01/Apr/2026 23:26:17] "GET /api/video-statuses?root=%2Fdata%2FUMRM%2Fdata%2FEGO%2Fvideos%2Ffull_scale HTTP/1.1" 200 -
[01/Apr/2026 23:26:22] "GET /api/video-statuses?root=%2Fdata%2FUMRM%2Fdata%2FEGO%2Fvideos%2Ffull_scale HTTP/1.1" 200 -
[01/Apr/2026 23:26:27] "GET /api/video-statuses?root=%2Fdata%2FUMRM%2Fdata%2FEGO%2Fvideos%2Ffull_scale HTTP/1.1" 200 -
[01/Apr/2026 23:26:30] "GET / HTTP/1.1" 200 -
