nohup: ignoring input
[01/Apr/2026 23:32:55] "GET /api/videos?root=/data/UMRM/data/EGO/videos/full_scale HTTP/1.1" 200 -
[01/Apr/2026 23:32:55] "GET /stream-low?path=/data/UMRM/data/EGO/videos/full_scale/000786a7-3f9d-4fe6-bfb3-045b368f7d44.mp4 HTTP/1.1" 200 -
[01/Apr/2026 23:33:47] "GET /api/video-statuses?root=%2Fhome%2Fubuntu%2FUMRM%2Fdata%2Fvideos HTTP/1.1" 200 -
[01/Apr/2026 23:34:01] "GET / HTTP/1.1" 200 -
[01/Apr/2026 23:34:01] "GET /styles.css HTTP/1.1" 200 -
[01/Apr/2026 23:34:01] "GET /app.js HTTP/1.1" 200 -
[01/Apr/2026 23:34:01] "GET /api/config HTTP/1.1" 200 -
[01/Apr/2026 23:34:01] code 404, message Static file not found.
[01/Apr/2026 23:34:01] "GET /favicon.ico HTTP/1.1" 404 -
[01/Apr/2026 23:34:01] "GET /api/videos?root=%2Fdata%2FUMRM%2Fdata%2FEGO%2Fvideos%2Ffull_scale HTTP/1.1" 200 -
[01/Apr/2026 23:34:01] "GET /api/annotations?path=%2Fhome%2Fubuntu%2FUMR_DATA%2Fdata%2Fkuimou%2Fannotations.jsonl HTTP/1.1" 200 -
[01/Apr/2026 23:34:04] "POST /api/video-claim HTTP/1.1" 200 -
[01/Apr/2026 23:34:04] "GET /stream-low?path=/data/UMRM/data/EGO/videos/full_scale/000786a7-3f9d-4fe6-bfb3-045b368f7d44.mp4 HTTP/1.1" 200 -
[01/Apr/2026 23:34:07] "GET /api/video-statuses?root=%2Fdata%2FUMRM%2Fdata%2FEGO%2Fvideos%2Ffull_scale HTTP/1.1" 200 -
[01/Apr/2026 23:34:07] "POST /api/video-release HTTP/1.1" 200 -
[01/Apr/2026 23:34:07] "POST /api/video-claim HTTP/1.1" 200 -
[01/Apr/2026 23:34:07] "GET /stream-low?path=/data/UMRM/data/EGO/videos/full_scale/000a3525-6c98-4650-aaab-be7d2c7b9402.mp4 HTTP/1.1" 200 -
[01/Apr/2026 23:34:12] "GET /api/video-statuses?root=%2Fdata%2FUMRM%2Fdata%2FEGO%2Fvideos%2Ffull_scale HTTP/1.1" 200 -
[01/Apr/2026 23:34:17] "GET /api/video-statuses?root=%2Fdata%2FUMRM%2Fdata%2FEGO%2Fvideos%2Ffull_scale HTTP/1.1" 200 -
[01/Apr/2026 23:34:22] "GET /api/video-statuses?root=%2Fdata%2FUMRM%2Fdata%2FEGO%2Fvideos%2Ffull_scale HTTP/1.1" 200 -
[01/Apr/2026 23:34:27] "GET /api/video-statuses?root=%2Fdata%2FUMRM%2Fdata%2FEGO%2Fvideos%2Ffull_scale HTTP/1.1" 200 -
[01/Apr/2026 23:34:32] "GET /api/video-statuses?root=%2Fdata%2FUMRM%2Fdata%2FEGO%2Fvideos%2Ffull_scale HTTP/1.1" 200 -
[01/Apr/2026 23:34:37] "GET /api/video-statuses?root=%2Fdata%2FUMRM%2Fdata%2FEGO%2Fvideos%2Ffull_scale HTTP/1.1" 200 -
[01/Apr/2026 23:34:42] "GET /api/video-statuses?root=%2Fdata%2FUMRM%2Fdata%2FEGO%2Fvideos%2Ffull_scale HTTP/1.1" 200 -
[01/Apr/2026 23:34:47] "GET /api/video-statuses?root=%2Fdata%2FUMRM%2Fdata%2FEGO%2Fvideos%2Ffull_scale HTTP/1.1" 200 -
[01/Apr/2026 23:34:47] "GET /api/video-statuses?root=%2Fhome%2Fubuntu%2FUMRM%2Fdata%2Fvideos HTTP/1.1" 200 -
[01/Apr/2026 23:34:52] "GET /api/video-statuses?root=%2Fdata%2FUMRM%2Fdata%2FEGO%2Fvideos%2Ffull_scale HTTP/1.1" 200 -
[01/Apr/2026 23:34:57] "GET /api/video-statuses?root=%2Fdata%2FUMRM%2Fdata%2FEGO%2Fvideos%2Ffull_scale HTTP/1.1" 200 -
[01/Apr/2026 23:35:02] "GET /api/video-statuses?root=%2Fdata%2FUMRM%2Fdata%2FEGO%2Fvideos%2Ffull_scale HTTP/1.1" 200 -
[01/Apr/2026 23:35:07] "GET /api/video-statuses?root=%2Fdata%2FUMRM%2Fdata%2FEGO%2Fvideos%2Ffull_scale HTTP/1.1" 200 -
[01/Apr/2026 23:35:12] "GET /api/video-statuses?root=%2Fdata%2FUMRM%2Fdata%2FEGO%2Fvideos%2Ffull_scale HTTP/1.1" 200 -
[01/Apr/2026 23:35:17] "GET /api/video-statuses?root=%2Fdata%2FUMRM%2Fdata%2FEGO%2Fvideos%2Ffull_scale HTTP/1.1" 200 -
[01/Apr/2026 23:35:22] "GET /api/video-statuses?root=%2Fdata%2FUMRM%2Fdata%2FEGO%2Fvideos%2Ffull_scale HTTP/1.1" 200 -
[01/Apr/2026 23:35:27] "GET /api/video-statuses?root=%2Fdata%2FUMRM%2Fdata%2FEGO%2Fvideos%2Ffull_scale HTTP/1.1" 200 -
[01/Apr/2026 23:35:32] "GET /api/video-statuses?root=%2Fdata%2FUMRM%2Fdata%2FEGO%2Fvideos%2Ffull_scale HTTP/1.1" 200 -
[01/Apr/2026 23:35:37] "GET /api/video-statuses?root=%2Fdata%2FUMRM%2Fdata%2FEGO%2Fvideos%2Ffull_scale HTTP/1.1" 200 -
[01/Apr/2026 23:35:39] "GET /api/videos?root=/data/UMRM/data/EGO/videos/full_scale HTTP/1.1" 200 -
[01/Apr/2026 23:35:42] "GET /api/video-statuses?root=%2Fdata%2FUMRM%2Fdata%2FEGO%2Fvideos%2Ffull_scale HTTP/1.1" 200 -
[01/Apr/2026 23:35:47] "GET /api/video-statuses?root=%2Fdata%2FUMRM%2Fdata%2FEGO%2Fvideos%2Ffull_scale HTTP/1.1" 200 -
[01/Apr/2026 23:35:47] "GET /api/video-statuses?root=%2Fhome%2Fubuntu%2FUMRM%2Fdata%2Fvideos HTTP/1.1" 200 -
[01/Apr/2026 23:35:52] "GET /api/video-statuses?root=%2Fdata%2FUMRM%2Fdata%2FEGO%2Fvideos%2Ffull_scale HTTP/1.1" 200 -
[01/Apr/2026 23:35:57] "GET /api/video-statuses?root=%2Fdata%2FUMRM%2Fdata%2FEGO%2Fvideos%2Ffull_scale HTTP/1.1" 200 -
[01/Apr/2026 23:36:02] "GET /api/video-statuses?root=%2Fdata%2FUMRM%2Fdata%2FEGO%2Fvideos%2Ffull_scale HTTP/1.1" 200 -
[01/Apr/2026 23:36:07] "GET /api/video-statuses?root=%2Fdata%2FUMRM%2Fdata%2FEGO%2Fvideos%2Ffull_scale HTTP/1.1" 200 -
[01/Apr/2026 23:36:12] "GET /api/video-statuses?root=%2Fdata%2FUMRM%2Fdata%2FEGO%2Fvideos%2Ffull_scale HTTP/1.1" 200 -
[01/Apr/2026 23:36:17] "GET /api/video-statuses?root=%2Fdata%2FUMRM%2Fdata%2FEGO%2Fvideos%2Ffull_scale HTTP/1.1" 200 -
[01/Apr/2026 23:36:22] "GET /api/video-statuses?root=%2Fdata%2FUMRM%2Fdata%2FEGO%2Fvideos%2Ffull_scale HTTP/1.1" 200 -
[01/Apr/2026 23:36:27] "GET /api/video-statuses?root=%2Fdata%2FUMRM%2Fdata%2FEGO%2Fvideos%2Ffull_scale HTTP/1.1" 200 -
[01/Apr/2026 23:36:32] "GET /api/video-statuses?root=%2Fdata%2FUMRM%2Fdata%2FEGO%2Fvideos%2Ffull_scale HTTP/1.1" 200 -
[01/Apr/2026 23:36:37] "GET /api/video-statuses?root=%2Fdata%2FUMRM%2Fdata%2FEGO%2Fvideos%2Ffull_scale HTTP/1.1" 200 -
[01/Apr/2026 23:36:42] "GET /api/video-statuses?root=%2Fdata%2FUMRM%2Fdata%2FEGO%2Fvideos%2Ffull_scale HTTP/1.1" 200 -
[01/Apr/2026 23:36:47] "GET /api/video-statuses?root=%2Fdata%2FUMRM%2Fdata%2FEGO%2Fvideos%2Ffull_scale HTTP/1.1" 200 -
[01/Apr/2026 23:36:47] "GET /api/video-statuses?root=%2Fhome%2Fubuntu%2FUMRM%2Fdata%2Fvideos HTTP/1.1" 200 -
[01/Apr/2026 23:36:52] "GET /api/video-statuses?root=%2Fdata%2FUMRM%2Fdata%2FEGO%2Fvideos%2Ffull_scale HTTP/1.1" 200 -
[01/Apr/2026 23:36:57] "GET /api/video-statuses?root=%2Fdata%2FUMRM%2Fdata%2FEGO%2Fvideos%2Ffull_scale HTTP/1.1" 200 -
[01/Apr/2026 23:37:02] "GET /api/video-statuses?root=%2Fdata%2FUMRM%2Fdata%2FEGO%2Fvideos%2Ffull_scale HTTP/1.1" 200 -
[01/Apr/2026 23:37:07] "GET /api/video-statuses?root=%2Fdata%2FUMRM%2Fdata%2FEGO%2Fvideos%2Ffull_scale HTTP/1.1" 200 -
[01/Apr/2026 23:37:12] "GET /api/video-statuses?root=%2Fdata%2FUMRM%2Fdata%2FEGO%2Fvideos%2Ffull_scale HTTP/1.1" 200 -
[01/Apr/2026 23:37:17] "GET /api/video-statuses?root=%2Fdata%2FUMRM%2Fdata%2FEGO%2Fvideos%2Ffull_scale HTTP/1.1" 200 -
[01/Apr/2026 23:37:22] "GET /api/video-statuses?root=%2Fdata%2FUMRM%2Fdata%2FEGO%2Fvideos%2Ffull_scale HTTP/1.1" 200 -
[01/Apr/2026 23:37:27] "GET /api/video-statuses?root=%2Fdata%2FUMRM%2Fdata%2FEGO%2Fvideos%2Ffull_scale HTTP/1.1" 200 -
